*design* DebussyLib (btIdent Verdi3_L-2016.06-1)
Command arguments:
    +define+verilog
    -f filelist.f
        dut/con_top.v
        ../sigmoid/dut/sigmoid.v
        ../conv_core/dut/con_initial.v
        ../fix_ari_mul/fix_ari_mul.v
        tb/conv_top_tb.sv
        tb/conv_if.sv


*Error* illegal LHS in continuous assignment
"dut/con_top.v", 270: 

*Error* Syntax error at ;
"tb/conv_top_tb.sv", 3: 

*Error* Syntax error at ;
"tb/conv_top_tb.sv", 4: 

*Warning* Task/Function Null portlist using parentheses.
"tb/conv_top_tb.sv", 49: 

*Error* Syntax error at u
"tb/conv_top_tb.sv", 57: 

*Error* Syntax error at <
"tb/conv_top_tb.sv", 57: 

*Error* Syntax error at )
"tb/conv_top_tb.sv", 57: 

*Error* Syntax error at i
"tb/conv_top_tb.sv", 66: 

*Error* Syntax error at <
"tb/conv_top_tb.sv", 66: 

*Error* Syntax error at )
"tb/conv_top_tb.sv", 66: 

*Error* Syntax error at j
"tb/conv_top_tb.sv", 67: 

*Error* Syntax error at <
"tb/conv_top_tb.sv", 67: 

*Error* Syntax error at )
"tb/conv_top_tb.sv", 67: 

*Error* Syntax error at end
"tb/conv_top_tb.sv", 79: 

*Error* Syntax error at end
"tb/conv_top_tb.sv", 80: 

*Error* Syntax error at .
"tb/conv_top_tb.sv", 81: 

*Error* Syntax error at .
"tb/conv_top_tb.sv", 82: 

*Error* Syntax error at .
"tb/conv_top_tb.sv", 83: 

*Error* Syntax error at end
"tb/conv_top_tb.sv", 84: 

*Error* Syntax error at endtask
"tb/conv_top_tb.sv", 85: 

*Error* illegal LHS in procedural assignment
"tb/conv_top_tb.sv", 24: 

*Error* illegal LHS in procedural assignment
"tb/conv_top_tb.sv", 26: 

*Error* illegal LHS in procedural assignment
"tb/conv_top_tb.sv", 30: 

*Error* illegal LHS in procedural assignment
"tb/conv_top_tb.sv", 32: 

*Error* Syntax error at interface
"tb/conv_if.sv", 1: 

*Error* Syntax error at input
"tb/conv_if.sv", 2: 

*Error* Syntax error at input
"tb/conv_if.sv", 3: 

*Error* Syntax error at )
"tb/conv_if.sv", 4: 

*Error* Syntax error at logic
"tb/conv_if.sv", 5: 

*Error* Syntax error at logic
"tb/conv_if.sv", 6: 

*Error* Syntax error at logic
"tb/conv_if.sv", 7: 

*Error* Syntax error at logic
"tb/conv_if.sv", 8: 

*Error* Syntax error at logic
"tb/conv_if.sv", 9: 

*Error* Syntax error at logic
"tb/conv_if.sv", 10: 

*Error* Syntax error at logic
"tb/conv_if.sv", 11: 

*Error* Syntax error at logic
"tb/conv_if.sv", 12: 

*Error* Syntax error at logic
"tb/conv_if.sv", 13: 

*Error* Syntax error at logic
"tb/conv_if.sv", 14: 

*Error* Syntax error at logic
"tb/conv_if.sv", 15: 

*Error* Syntax error at logic
"tb/conv_if.sv", 16: 

*Error* Syntax error at clocking
"tb/conv_if.sv", 18: 

*Error* Syntax error at input
"tb/conv_if.sv", 19: 

*Error* Syntax error at input
"tb/conv_if.sv", 20: 

*Error* Syntax error at output
"tb/conv_if.sv", 21: 

*Error* Syntax error at endclocking
"tb/conv_if.sv", 22: 

*Error* Syntax error at endinterface
"tb/conv_if.sv", 23: 
Highest level modules:
conv_top_tb


*Error* failed to find identifier cif.ima
"tb/conv_top_tb.sv", 10: 

*Error* failed to find identifier cif.ena_in
"tb/conv_top_tb.sv", 11: 

*Error* failed to find identifier cif.frame_start_in
"tb/conv_top_tb.sv", 12: 

*Error* failed to find identifier cif.frame_start_dim_in
"tb/conv_top_tb.sv", 13: 

*Error* failed to find identifier cif.line_start_in
"tb/conv_top_tb.sv", 14: 

*Error* failed to find identifier cif.frame_end_in
"tb/conv_top_tb.sv", 15: 

*Error* failed to find identifier cif.frame_end_dim_in
"tb/conv_top_tb.sv", 16: 

*Error* failed to find identifier cif.frame_start_out
"tb/conv_top_tb.sv", 17: 

*Error* failed to find identifier cif.frame_end_out
"tb/conv_top_tb.sv", 18: 

*Error* failed to find identifier cif.line_start_out
"tb/conv_top_tb.sv", 19: 

*Error* failed to find identifier cif.valid
"tb/conv_top_tb.sv", 20: 

*Error* failed to find identifier cif.line_start_in
"tb/conv_top_tb.sv", 50: 

*Error* failed to find identifier cif.frame_start_in
"tb/conv_top_tb.sv", 51: 

*Error* failed to find identifier cif.frame_start_dim_in
"tb/conv_top_tb.sv", 52: 

*Error* failed to find identifier cif.frame_end_in
"tb/conv_top_tb.sv", 53: 

*Error* failed to find identifier cif.frame_end_dim_in
"tb/conv_top_tb.sv", 54: 

*Error* failed to find identifier cif.cb
"tb/conv_top_tb.sv", 55: 

*Error* failed to find identifier int
"tb/conv_top_tb.sv", 57: 

*Error* failed to find identifier u
"tb/conv_top_tb.sv", 57: 

*Error* failed to find identifier u
"tb/conv_top_tb.sv", 57: 

*Error* failed to find identifier u
"tb/conv_top_tb.sv", 57: 

*Error* failed to find identifier cif.line_start_in
"tb/conv_top_tb.sv", 58: 

*Error* failed to find identifier cif.frame_start_in
"tb/conv_top_tb.sv", 59: 

*Error* failed to find identifier u
"tb/conv_top_tb.sv", 60: 

*Error* failed to find identifier cif.frame_start_dim_in
"tb/conv_top_tb.sv", 61: 

*Error* failed to find identifier cif.cb
"tb/conv_top_tb.sv", 62: 

*Error* failed to find identifier cif.ena_in
"tb/conv_top_tb.sv", 63: 

*Error* failed to find identifier cif.frame_start_in
"tb/conv_top_tb.sv", 64: 

*Error* failed to find identifier cif.frame_start_dim_in
"tb/conv_top_tb.sv", 65: 

*Error* failed to find identifier int
"tb/conv_top_tb.sv", 66: 

*Error* failed to find identifier i
"tb/conv_top_tb.sv", 66: 

*Error* failed to find identifier i
"tb/conv_top_tb.sv", 66: 

*Error* failed to find identifier i
"tb/conv_top_tb.sv", 66: 

*Error* failed to find identifier int
"tb/conv_top_tb.sv", 67: 

*Error* failed to find identifier j
"tb/conv_top_tb.sv", 67: 

*Error* failed to find identifier j
"tb/conv_top_tb.sv", 67: 

*Error* failed to find identifier j
"tb/conv_top_tb.sv", 67: 

*Error* failed to find identifier cif.line_start_in
"tb/conv_top_tb.sv", 68: 

*Error* failed to find identifier cif.ima
"tb/conv_top_tb.sv", 69: 

*Error* failed to find identifier i
"tb/conv_top_tb.sv", 69: 

*Error* failed to find identifier j
"tb/conv_top_tb.sv", 69: 

*Error* failed to find identifier i
"tb/conv_top_tb.sv", 70: 

*Error* failed to find identifier j
"tb/conv_top_tb.sv", 70: 

*Error* failed to find identifier cif.line_start_in
"tb/conv_top_tb.sv", 71: 

*Error* failed to find identifier i
"tb/conv_top_tb.sv", 72: 

*Error* failed to find identifier j
"tb/conv_top_tb.sv", 72: 

*Error* failed to find identifier cif.frame_end_in
"tb/conv_top_tb.sv", 73: 

*Error* failed to find identifier u
"tb/conv_top_tb.sv", 74: 

*Error* failed to find identifier cif.frame_end_dim_in
"tb/conv_top_tb.sv", 75: 

*Error* failed to find identifier cif.cb
"tb/conv_top_tb.sv", 78: 

*Error* failed to find identifier cif.cb
"tb/conv_top_tb.sv", 91: 

*Error* failed to find identifier cif.cb
"tb/conv_top_tb.sv", 95: 

*Error* view conv_if is not defined for instance cif
"tb/conv_top_tb.sv", 5: 
Total	98 error(s),   1 warning(s)
